<?xml version="1.0" encoding="UTF-8"?>
<!-- Generated by org.testng.reporters.JUnitReportReporter -->
<testsuite hostname="DESKTOP-51D06BA" failures="0" tests="1" name="TestCases.Test_Verify_Farm_And_Garden_Page" time="6.302" errors="0" timestamp="2021-07-30T17:10:06 CDT" skipped="0">
  <testcase classname="TestCases.Test_Verify_Farm_And_Garden_Page" name="given_I_am__in_Craiglist" time="6.302"/>
  <system-out/>
</testsuite> <!-- TestCases.Test_Verify_Farm_And_Garden_Page -->
